{"numFailedTestSuites":0,"numFailedTests":0,"numPassedTestSuites":1,"numPassedTests":40,"numPendingTestSuites":0,"numPendingTests":0,"numRuntimeErrorTestSuites":0,"numTodoTests":0,"numTotalTestSuites":1,"numTotalTests":40,"openHandles":[],"snapshot":{"added":0,"didUpdate":false,"failure":false,"filesAdded":0,"filesRemoved":0,"filesRemovedList":[],"filesUnmatched":0,"filesUpdated":0,"matched":0,"total":0,"unchecked":0,"uncheckedKeysByFile":[],"unmatched":0,"updated":0},"startTime":1781690019678,"success":true,"testResults":[{"assertionResults":[{"ancestorTitles":["POST /api/users/login"],"duration":271,"failing":false,"failureDetails":[],"failureMessages":[],"fullName":"POST /api/users/login returns 200 + tempToken for valid credentials","invocations":1,"location":null,"numPassingAsserts":4,"retryReasons":[],"startAt":1781690020453,"status":"passed","title":"returns 200 + tempToken for valid credentials"},{"ancestorTitles":["POST /api/users/login"],"duration":251,"failing":false,"failureDetails":[],"failureMessages":[],"fullName":"POST /api/users/login masks the email in the response (privacy check)","invocations":1,"location":null,"numPassingAsserts":4,"retryReasons":[],"startAt":1781690020725,"status":"passed","title":"masks the email in the response (privacy check)"},{"ancestorTitles":["POST /api/users/login"],"duration":288,"failing":false,"failureDetails":[],"failureMessages":[],"fullName":"POST /api/users/login responds within 5 000 ms under normal load","invocations":1,"location":null,"numPassingAsserts":1,"retryReasons":[],"startAt":1781690020977,"status":"passed","title":"responds within 5 000 ms under normal load"},{"ancestorTitles":["POST /api/users/login"],"duration":18,"failing":false,"failureDetails":[],"failureMessages":[],"fullName":"POST /api/users/login returns 400 when login field is missing","invocations":1,"location":null,"numPassingAsserts":2,"retryReasons":[],"startAt":1781690021265,"status":"passed","title":"returns 400 when login field is missing"},{"ancestorTitles":["POST /api/users/login"],"duration":8,"failing":false,"failureDetails":[],"failureMessages":[],"fullName":"POST /api/users/login returns 400 when password field is missing","invocations":1,"location":null,"numPassingAsserts":2,"retryReasons":[],"startAt":1781690021283,"status":"passed","title":"returns 400 when password field is missing"},{"ancestorTitles":["POST /api/users/login"],"duration":6,"failing":false,"failureDetails":[],"failureMessages":[],"fullName":"POST /api/users/login returns 400 for empty body","invocations":1,"location":null,"numPassingAsserts":1,"retryReasons":[],"startAt":1781690021291,"status":"passed","title":"returns 400 for empty body"},{"ancestorTitles":["POST /api/users/login"],"duration":293,"failing":false,"failureDetails":[],"failureMessages":[],"fullName":"POST /api/users/login returns 400 for wrong password","invocations":1,"location":null,"numPassingAsserts":2,"retryReasons":[],"startAt":1781690021297,"status":"passed","title":"returns 400 for wrong password"},{"ancestorTitles":["POST /api/users/login"],"duration":65,"failing":false,"failureDetails":[],"failureMessages":[],"fullName":"POST /api/users/login returns 404 for non-existent user","invocations":1,"location":null,"numPassingAsserts":2,"retryReasons":[],"startAt":1781690021590,"status":"passed","title":"returns 404 for non-existent user"},{"ancestorTitles":["POST /api/users/login"],"duration":277,"failing":false,"failureDetails":[],"failureMessages":[],"fullName":"POST /api/users/login does not expose password hash in any error response","invocations":1,"location":null,"numPassingAsserts":1,"retryReasons":[],"startAt":1781690021655,"status":"passed","title":"does not expose password hash in any error response"},{"ancestorTitles":["POST /api/users/login"],"duration":399,"failing":false,"failureDetails":[],"failureMessages":[],"fullName":"POST /api/users/login does not accept SQL/NoSQL injection as valid credentials","invocations":1,"location":null,"numPassingAsserts":3,"retryReasons":[],"startAt":1781690021933,"status":"passed","title":"does not accept SQL/NoSQL injection as valid credentials"},{"ancestorTitles":["POST /api/users/verify-otp"],"duration":889,"failing":false,"failureDetails":[],"failureMessages":[],"fullName":"POST /api/users/verify-otp returns 200 + JWT token for valid OTP and tempToken","invocations":1,"location":null,"numPassingAsserts":5,"retryReasons":[],"startAt":1781690022332,"status":"passed","title":"returns 200 + JWT token for valid OTP and tempToken"},{"ancestorTitles":["POST /api/users/verify-otp"],"duration":992,"failing":false,"failureDetails":[],"failureMessages":[],"fullName":"POST /api/users/verify-otp response includes user object with required fields","invocations":1,"location":null,"numPassingAsserts":4,"retryReasons":[],"startAt":1781690023221,"status":"passed","title":"response includes user object with required fields"},{"ancestorTitles":["POST /api/users/verify-otp"],"duration":918,"failing":false,"failureDetails":[],"failureMessages":[],"fullName":"POST /api/users/verify-otp password hash is never in the verify-otp response","invocations":1,"location":null,"numPassingAsserts":2,"retryReasons":[],"startAt":1781690024213,"status":"passed","title":"password hash is never in the verify-otp response"},{"ancestorTitles":["POST /api/users/verify-otp"],"duration":277,"failing":false,"failureDetails":[],"failureMessages":[],"fullName":"POST /api/users/verify-otp returns 400 when tempToken is missing","invocations":1,"location":null,"numPassingAsserts":2,"retryReasons":[],"startAt":1781690025132,"status":"passed","title":"returns 400 when tempToken is missing"},{"ancestorTitles":["POST /api/users/verify-otp"],"duration":296,"failing":false,"failureDetails":[],"failureMessages":[],"fullName":"POST /api/users/verify-otp returns 400 when OTP is missing","invocations":1,"location":null,"numPassingAsserts":2,"retryReasons":[],"startAt":1781690025410,"status":"passed","title":"returns 400 when OTP is missing"},{"ancestorTitles":["POST /api/users/verify-otp"],"duration":440,"failing":false,"failureDetails":[],"failureMessages":[],"fullName":"POST /api/users/verify-otp returns 400 for wrong OTP","invocations":1,"location":null,"numPassingAsserts":4,"retryReasons":[],"startAt":1781690025706,"status":"passed","title":"returns 400 for wrong OTP"},{"ancestorTitles":["POST /api/users/verify-otp"],"duration":289,"failing":false,"failureDetails":[],"failureMessages":[],"fullName":"POST /api/users/verify-otp returns 401 for a tampered / random tempToken","invocations":1,"location":null,"numPassingAsserts":2,"retryReasons":[],"startAt":1781690026147,"status":"passed","title":"returns 401 for a tampered / random tempToken"},{"ancestorTitles":["POST /api/users/verify-otp"],"duration":1214,"failing":false,"failureDetails":[],"failureMessages":[],"fullName":"POST /api/users/verify-otp returns 401 for a regular auth JWT used as tempToken","invocations":1,"location":null,"numPassingAsserts":2,"retryReasons":[],"startAt":1781690026436,"status":"passed","title":"returns 401 for a regular auth JWT used as tempToken"},{"ancestorTitles":["POST /api/users/resend-otp"],"duration":273,"failing":false,"failureDetails":[],"failureMessages":[],"fullName":"POST /api/users/resend-otp returns 400 when tempToken is missing","invocations":1,"location":null,"numPassingAsserts":2,"retryReasons":[],"startAt":1781690027651,"status":"passed","title":"returns 400 when tempToken is missing"},{"ancestorTitles":["POST /api/users/resend-otp"],"duration":268,"failing":false,"failureDetails":[],"failureMessages":[],"fullName":"POST /api/users/resend-otp returns 401 for an invalid tempToken","invocations":1,"location":null,"numPassingAsserts":1,"retryReasons":[],"startAt":1781690027925,"status":"passed","title":"returns 401 for an invalid tempToken"},{"ancestorTitles":["POST /api/users/resend-otp"],"duration":400,"failing":false,"failureDetails":[],"failureMessages":[],"fullName":"POST /api/users/resend-otp returns 429 (cooldown) when resend is called immediately after login","invocations":1,"location":null,"numPassingAsserts":3,"retryReasons":[],"startAt":1781690028193,"status":"passed","title":"returns 429 (cooldown) when resend is called immediately after login"},{"ancestorTitles":["POST /api/users/logout"],"duration":22,"failing":false,"failureDetails":[],"failureMessages":[],"fullName":"POST /api/users/logout returns 401 when no Authorization header is provided","invocations":1,"location":null,"numPassingAsserts":1,"retryReasons":[],"startAt":1781690028593,"status":"passed","title":"returns 401 when no Authorization header is provided"},{"ancestorTitles":["POST /api/users/logout"],"duration":11,"failing":false,"failureDetails":[],"failureMessages":[],"fullName":"POST /api/users/logout returns 401 for a random invalid token","invocations":1,"location":null,"numPassingAsserts":1,"retryReasons":[],"startAt":1781690028615,"status":"passed","title":"returns 401 for a random invalid token"},{"ancestorTitles":["POST /api/users/logout"],"duration":397,"failing":false,"failureDetails":[],"failureMessages":[],"fullName":"POST /api/users/logout returns 401 for a tempToken (stage=otp_pending, no sessionId)","invocations":1,"location":null,"numPassingAsserts":1,"retryReasons":[],"startAt":1781690028626,"status":"passed","title":"returns 401 for a tempToken (stage=otp_pending, no sessionId)"},{"ancestorTitles":["POST /api/users/logout"],"duration":950,"failing":false,"failureDetails":[],"failureMessages":[],"fullName":"POST /api/users/logout returns 200 for a valid authenticated session","invocations":1,"location":null,"numPassingAsserts":2,"retryReasons":[],"startAt":1781690029024,"status":"passed","title":"returns 200 for a valid authenticated session"},{"ancestorTitles":["POST /api/users/logout"],"duration":1265,"failing":false,"failureDetails":[],"failureMessages":[],"fullName":"POST /api/users/logout returns 401 when the same token is used after logout (session revoked)","invocations":1,"location":null,"numPassingAsserts":1,"retryReasons":[],"startAt":1781690029974,"status":"passed","title":"returns 401 when the same token is used after logout (session revoked)"},{"ancestorTitles":["POST /api/users/me/logout-all-devices"],"duration":7,"failing":false,"failureDetails":[],"failureMessages":[],"fullName":"POST /api/users/me/logout-all-devices returns 401 with no token","invocations":1,"location":null,"numPassingAsserts":1,"retryReasons":[],"startAt":1781690031240,"status":"passed","title":"returns 401 with no token"},{"ancestorTitles":["POST /api/users/me/logout-all-devices"],"duration":1258,"failing":false,"failureDetails":[],"failureMessages":[],"fullName":"POST /api/users/me/logout-all-devices returns 403 when canLogoutAllDevices permission is not granted","invocations":1,"location":null,"numPassingAsserts":2,"retryReasons":[],"startAt":1781690031248,"status":"passed","title":"returns 403 when canLogoutAllDevices permission is not granted"},{"ancestorTitles":["POST /api/users/me/logout-all-devices"],"duration":1166,"failing":false,"failureDetails":[],"failureMessages":[],"fullName":"POST /api/users/me/logout-all-devices returns 200 + revokedCount when canLogoutAllDevices=true","invocations":1,"location":null,"numPassingAsserts":0,"retryReasons":[],"startAt":1781690032507,"status":"passed","title":"returns 200 + revokedCount when canLogoutAllDevices=true"},{"ancestorTitles":["POST /api/users/forgot-password"],"duration":5,"failing":false,"failureDetails":[],"failureMessages":[],"fullName":"POST /api/users/forgot-password returns 400 when email is missing","invocations":1,"location":null,"numPassingAsserts":2,"retryReasons":[],"startAt":1781690033673,"status":"passed","title":"returns 400 when email is missing"},{"ancestorTitles":["POST /api/users/forgot-password"],"duration":2786,"failing":false,"failureDetails":[],"failureMessages":[],"fullName":"POST /api/users/forgot-password returns 200 for a registered email (never reveals existence)","invocations":1,"location":null,"numPassingAsserts":2,"retryReasons":[],"startAt":1781690033678,"status":"passed","title":"returns 200 for a registered email (never reveals existence)"},{"ancestorTitles":["POST /api/users/forgot-password"],"duration":59,"failing":false,"failureDetails":[],"failureMessages":[],"fullName":"POST /api/users/forgot-password returns 200 for an unknown email (same message — no user enumeration)","invocations":1,"location":null,"numPassingAsserts":1,"retryReasons":[],"startAt":1781690036464,"status":"passed","title":"returns 200 for an unknown email (same message — no user enumeration)"},{"ancestorTitles":["POST /api/users/forgot-password"],"duration":3007,"failing":false,"failureDetails":[],"failureMessages":[],"fullName":"POST /api/users/forgot-password does not reveal whether the email is registered","invocations":1,"location":null,"numPassingAsserts":1,"retryReasons":[],"startAt":1781690036523,"status":"passed","title":"does not reveal whether the email is registered"},{"ancestorTitles":["POST /api/users/reset-password"],"duration":13,"failing":false,"failureDetails":[],"failureMessages":[],"fullName":"POST /api/users/reset-password returns 400 when token is missing","invocations":1,"location":null,"numPassingAsserts":1,"retryReasons":[],"startAt":1781690039530,"status":"passed","title":"returns 400 when token is missing"},{"ancestorTitles":["POST /api/users/reset-password"],"duration":8,"failing":false,"failureDetails":[],"failureMessages":[],"fullName":"POST /api/users/reset-password returns 400 when newPassword is missing","invocations":1,"location":null,"numPassingAsserts":1,"retryReasons":[],"startAt":1781690039544,"status":"passed","title":"returns 400 when newPassword is missing"},{"ancestorTitles":["POST /api/users/reset-password"],"duration":8,"failing":false,"failureDetails":[],"failureMessages":[],"fullName":"POST /api/users/reset-password returns 400 when password is shorter than 8 characters","invocations":1,"location":null,"numPassingAsserts":2,"retryReasons":[],"startAt":1781690039552,"status":"passed","title":"returns 400 when password is shorter than 8 characters"},{"ancestorTitles":["POST /api/users/reset-password"],"duration":6,"failing":false,"failureDetails":[],"failureMessages":[],"fullName":"POST /api/users/reset-password returns 400 for an invalid/tampered reset token","invocations":1,"location":null,"numPassingAsserts":1,"retryReasons":[],"startAt":1781690039560,"status":"passed","title":"returns 400 for an invalid/tampered reset token"},{"ancestorTitles":["POST /api/users/reset-password"],"duration":866,"failing":false,"failureDetails":[],"failureMessages":[],"fullName":"POST /api/users/reset-password returns 400 for an auth JWT used as reset token (wrong purpose)","invocations":1,"location":null,"numPassingAsserts":1,"retryReasons":[],"startAt":1781690039566,"status":"passed","title":"returns 400 for an auth JWT used as reset token (wrong purpose)"},{"ancestorTitles":["Security headers"],"duration":279,"failing":false,"failureDetails":[],"failureMessages":[],"fullName":"Security headers login endpoint has X-Content-Type-Options: nosniff","invocations":1,"location":null,"numPassingAsserts":1,"retryReasons":[],"startAt":1781690040432,"status":"passed","title":"login endpoint has X-Content-Type-Options: nosniff"},{"ancestorTitles":["Security headers"],"duration":258,"failing":false,"failureDetails":[],"failureMessages":[],"fullName":"Security headers login endpoint does NOT return X-Powered-By: Express","invocations":1,"location":null,"numPassingAsserts":1,"retryReasons":[],"startAt":1781690040711,"status":"passed","title":"login endpoint does NOT return X-Powered-By: Express"}],"endTime":1781690040972,"message":"","name":"D:\\Desktop\\Zero Carbon\\Zero_carbon_backend\\__tests__\\users\\auth.test.js","startTime":1781690019741,"status":"passed","summary":""}],"wasInterrupted":false}
